[TD-Ludo Config] Mode: PROD
[TD-Ludo Config] Run: ac_v6_big | Dir: /Users/sumit/Github/AlphaLudo/td_ludo/checkpoints/ac_v6_big
[TD-Ludo Config] LR: 1e-05 | Entropy: 0.005 | Temp: 1.1→0.95
[TD-Ludo Config] Ghosts: every 2000 games | Batch: 512
[Train] Device: mps
[Train] Mode: PROD
[Train] Architecture: AlphaLudoV6-Big (128ch, 10res, 2,990,917 params)
[Trainer] Loaded full checkpoint: 323186 games, 332445 updates
[Train] Resumed from checkpoint (323186 games, 332445 updates)
[Elo] Loaded 223 ratings
[Train] Elo Tracker initialized (Main: 1500)
[Train] Game DB initialized (430134 games recorded)
[Dashboard] Server started at http://localhost:8787

============================================================
  TD-Ludo Actor-Critic Training — PROD Mode
  Algorithm: PPO (Proximal Policy Optimization)
  Checkpoints: /Users/sumit/Github/AlphaLudo/td_ludo/checkpoints/ac_v6_big
  Eval: every 2000 games (500 games each)
  Ghost saves: every 2000 games
  Elo tracking: ON | Game DB: ON
  Batch Size: 512
  Ctrl+C to save and exit gracefully
============================================================

[G 323190] WR:  75.0% | Ent: 0.000 | τ: 0.95 | Elo: 1806 | GPM: 9 | WIN
[G 323220] WR:  77.4% | Ent: 0.000 | τ: 0.95 | Elo: 1822 | GPM: 65 | loss
[G 323220] WR:  78.1% | Ent: 0.000 | τ: 0.95 | Elo: 1827 | GPM: 64 | WIN
[G 323220] WR:  78.8% | Ent: 0.000 | τ: 0.95 | Elo: 1829 | GPM: 63 | WIN
[G 323220] WR:  79.4% | Ent: 0.000 | τ: 0.95 | Elo: 1830 | GPM: 63 | WIN
[G 323270] WR:  73.2% | Ent: 0.533 | τ: 0.95 | Elo: 1815 | GPM: 81 | WIN
[G 323270] WR:  73.5% | Ent: 0.533 | τ: 0.95 | Elo: 1816 | GPM: 80 | WIN
[G 323270] WR:  72.6% | Ent: 0.533 | τ: 0.95 | Elo: 1809 | GPM: 80 | loss
[G 323300] WR:  73.2% | Ent: 0.533 | τ: 0.95 | Elo: 1819 | GPM: 105 | WIN
[G 323300] WR:  72.6% | Ent: 0.533 | τ: 0.95 | Elo: 1812 | GPM: 105 | loss
[G 323300] WR:  72.8% | Ent: 0.533 | τ: 0.95 | Elo: 1817 | GPM: 104 | WIN
[G 323340] WR:  71.8% | Ent: 0.518 | τ: 0.95 | Elo: 1817 | GPM: 96 | WIN
[G 323340] WR:  72.0% | Ent: 0.518 | τ: 0.95 | Elo: 1823 | GPM: 96 | WIN
[G 323340] WR:  72.2% | Ent: 0.518 | τ: 0.95 | Elo: 1824 | GPM: 95 | WIN
[G 323340] WR:  71.7% | Ent: 0.518 | τ: 0.95 | Elo: 1817 | GPM: 95 | loss
[G 323340] WR:  71.2% | Ent: 0.518 | τ: 0.95 | Elo: 1808 | GPM: 95 | loss
[G 323340] WR:  70.8% | Ent: 0.518 | τ: 0.95 | Elo: 1802 | GPM: 94 | loss
[G 323350] WR:  69.8% | Ent: 0.518 | τ: 0.95 | Elo: 1793 | GPM: 99 | WIN
[G 323350] WR:  69.4% | Ent: 0.518 | τ: 0.95 | Elo: 1787 | GPM: 99 | loss
[G 323350] WR:  69.6% | Ent: 0.518 | τ: 0.95 | Elo: 1788 | GPM: 99 | WIN
[G 323350] WR:  69.8% | Ent: 0.518 | τ: 0.95 | Elo: 1793 | GPM: 98 | WIN
[G 323350] WR:  69.3% | Ent: 0.518 | τ: 0.95 | Elo: 1787 | GPM: 98 | loss
[G 323350] WR:  68.9% | Ent: 0.518 | τ: 0.95 | Elo: 1782 | GPM: 97 | loss
[G 323370] WR:  70.9% | Ent: 0.518 | τ: 0.95 | Elo: 1818 | GPM: 108 | WIN
[G 323370] WR:  70.5% | Ent: 0.518 | τ: 0.95 | Elo: 1812 | GPM: 107 | loss
[G 323370] WR:  70.1% | Ent: 0.518 | τ: 0.95 | Elo: 1806 | GPM: 107 | loss
[G 323380] WR:  69.5% | Ent: 0.501 | τ: 0.95 | Elo: 1793 | GPM: 86 | loss
[G 323380] WR:  69.6% | Ent: 0.501 | τ: 0.95 | Elo: 1798 | GPM: 86 | WIN
[G 323380] WR:  69.3% | Ent: 0.501 | τ: 0.95 | Elo: 1792 | GPM: 85 | loss
[G 323380] WR:  69.4% | Ent: 0.501 | τ: 0.95 | Elo: 1797 | GPM: 85 | WIN
[G 323380] WR:  69.6% | Ent: 0.501 | τ: 0.95 | Elo: 1799 | GPM: 85 | WIN
[G 323410] WR:  68.3% | Ent: 0.501 | τ: 0.95 | Elo: 1802 | GPM: 97 | WIN
[G 323410] WR:  68.0% | Ent: 0.501 | τ: 0.95 | Elo: 1792 | GPM: 96 | loss
[G 323410] WR:  67.7% | Ent: 0.501 | τ: 0.95 | Elo: 1787 | GPM: 96 | loss
[G 323410] WR:  67.4% | Ent: 0.501 | τ: 0.95 | Elo: 1782 | GPM: 96 | loss
[G 323500] WR:  65.5% | Ent: 0.505 | τ: 0.95 | Elo: 1777 | GPM: 107 | WIN
[G 323500] WR:  65.6% | Ent: 0.505 | τ: 0.95 | Elo: 1783 | GPM: 106 | WIN
[G 323500] WR:  65.7% | Ent: 0.505 | τ: 0.95 | Elo: 1784 | GPM: 106 | WIN
[G 323500] WR:  65.5% | Ent: 0.505 | τ: 0.95 | Elo: 1780 | GPM: 106 | loss
[G 323500] WR:  65.6% | Ent: 0.505 | τ: 0.95 | Elo: 1786 | GPM: 106 | WIN
[G 323510] WR:  65.5% | Ent: 0.503 | τ: 0.95 | Elo: 1790 | GPM: 91 | WIN
[G 323510] WR:  65.6% | Ent: 0.503 | τ: 0.95 | Elo: 1792 | GPM: 90 | WIN
[G 323510] WR:  65.7% | Ent: 0.503 | τ: 0.95 | Elo: 1797 | GPM: 90 | WIN
[G 323550] WR:  64.6% | Ent: 0.503 | τ: 0.95 | Elo: 1803 | GPM: 101 | WIN
[G 323550] WR:  64.4% | Ent: 0.503 | τ: 0.95 | Elo: 1799 | GPM: 100 | loss
[G 323550] WR:  64.3% | Ent: 0.503 | τ: 0.95 | Elo: 1793 | GPM: 100 | loss
[G 323550] WR:  64.1% | Ent: 0.503 | τ: 0.95 | Elo: 1787 | GPM: 100 | loss
[G 323550] WR:  63.9% | Ent: 0.503 | τ: 0.95 | Elo: 1778 | GPM: 100 | loss
[G 323550] WR:  63.7% | Ent: 0.503 | τ: 0.95 | Elo: 1772 | GPM: 99 | loss
[Auto-save] Checkpoint saved (game 323637)
[G 323670] WR:  60.1% | Ent: 0.498 | τ: 0.95 | Elo: 1780 | GPM: 92 | WIN
[G 323680] WR:  60.1% | Ent: 0.498 | τ: 0.95 | Elo: 1789 | GPM: 93 | WIN
[G 323700] WR:  60.2% | Ent: 0.497 | τ: 0.95 | Elo: 1814 | GPM: 82 | WIN
[G 323700] WR:  60.2% | Ent: 0.497 | τ: 0.95 | Elo: 1818 | GPM: 82 | WIN
[G 323780] WR:  59.4% | Ent: 0.497 | τ: 0.95 | Elo: 1814 | GPM: 84 | WIN
[G 323780] WR:  59.6% | Ent: 0.497 | τ: 0.95 | Elo: 1816 | GPM: 83 | WIN
[G 323780] WR:  59.6% | Ent: 0.497 | τ: 0.95 | Elo: 1817 | GPM: 83 | WIN
[G 323800] WR:  58.0% | Ent: 0.497 | τ: 0.95 | Elo: 1768 | GPM: 86 | loss
[G 323800] WR:  58.0% | Ent: 0.497 | τ: 0.95 | Elo: 1769 | GPM: 86 | WIN
[G 323800] WR:  58.0% | Ent: 0.497 | τ: 0.95 | Elo: 1775 | GPM: 86 | WIN
[G 323800] WR:  58.0% | Ent: 0.497 | τ: 0.95 | Elo: 1770 | GPM: 86 | loss
[G 323800] WR:  58.0% | Ent: 0.497 | τ: 0.95 | Elo: 1772 | GPM: 86 | WIN
[G 323840] WR:  57.2% | Ent: 0.495 | τ: 0.95 | Elo: 1773 | GPM: 84 | WIN
[G 323840] WR:  57.2% | Ent: 0.495 | τ: 0.95 | Elo: 1769 | GPM: 84 | loss
[G 323850] WR:  57.2% | Ent: 0.495 | τ: 0.95 | Elo: 1768 | GPM: 85 | loss
[G 323850] WR:  57.4% | Ent: 0.495 | τ: 0.95 | Elo: 1770 | GPM: 85 | WIN
[G 323850] WR:  57.6% | Ent: 0.495 | τ: 0.95 | Elo: 1776 | GPM: 85 | WIN
[G 323900] WR:  58.2% | Ent: 0.494 | τ: 0.95 | Elo: 1815 | GPM: 84 | WIN
[G 323900] WR:  58.2% | Ent: 0.494 | τ: 0.95 | Elo: 1819 | GPM: 84 | WIN
[G 323900] WR:  58.2% | Ent: 0.494 | τ: 0.95 | Elo: 1813 | GPM: 84 | loss
[G 323910] WR:  58.0% | Ent: 0.494 | τ: 0.95 | Elo: 1813 | GPM: 85 | WIN
[G 323910] WR:  58.2% | Ent: 0.494 | τ: 0.95 | Elo: 1818 | GPM: 84 | WIN
[G 323910] WR:  58.4% | Ent: 0.494 | τ: 0.95 | Elo: 1822 | GPM: 84 | WIN
[G 323910] WR:  58.6% | Ent: 0.494 | τ: 0.95 | Elo: 1823 | GPM: 84 | WIN
[Auto-save] Checkpoint saved (game 324018)
[G 324040] WR:  58.2% | Ent: 0.494 | τ: 0.95 | Elo: 1781 | GPM: 84 | WIN
[G 324040] WR:  58.2% | Ent: 0.494 | τ: 0.95 | Elo: 1788 | GPM: 84 | WIN
[G 324060] WR:  59.0% | Ent: 0.494 | τ: 0.95 | Elo: 1790 | GPM: 85 | WIN
[G 324060] WR:  59.0% | Ent: 0.494 | τ: 0.95 | Elo: 1795 | GPM: 85 | WIN
[G 324060] WR:  59.0% | Ent: 0.494 | τ: 0.95 | Elo: 1796 | GPM: 85 | WIN
[G 324060] WR:  59.0% | Ent: 0.494 | τ: 0.95 | Elo: 1798 | GPM: 85 | WIN
[G 324110] WR:  60.6% | Ent: 0.493 | τ: 0.95 | Elo: 1801 | GPM: 85 | WIN
[G 324110] WR:  60.6% | Ent: 0.493 | τ: 0.95 | Elo: 1803 | GPM: 85 | WIN
[G 324120] WR:  61.2% | Ent: 0.493 | τ: 0.95 | Elo: 1810 | GPM: 85 | loss
[G 324130] WR:  60.8% | Ent: 0.493 | τ: 0.95 | Elo: 1795 | GPM: 86 | loss
[G 324130] WR:  60.6% | Ent: 0.493 | τ: 0.95 | Elo: 1790 | GPM: 86 | loss
[G 324130] WR:  60.4% | Ent: 0.493 | τ: 0.95 | Elo: 1785 | GPM: 86 | loss
[G 324140] WR:  60.8% | Ent: 0.493 | τ: 0.95 | Elo: 1803 | GPM: 87 | loss
[G 324140] WR:  60.8% | Ent: 0.493 | τ: 0.95 | Elo: 1805 | GPM: 87 | WIN
[G 324140] WR:  60.8% | Ent: 0.493 | τ: 0.95 | Elo: 1810 | GPM: 87 | WIN
[G 324150] WR:  61.4% | Ent: 0.493 | τ: 0.95 | Elo: 1799 | GPM: 81 | loss
[G 324170] WR:  61.0% | Ent: 0.493 | τ: 0.95 | Elo: 1798 | GPM: 83 | loss
[G 324170] WR:  61.2% | Ent: 0.493 | τ: 0.95 | Elo: 1800 | GPM: 83 | WIN
[G 324170] WR:  61.4% | Ent: 0.493 | τ: 0.95 | Elo: 1801 | GPM: 83 | WIN
[G 324170] WR:  61.4% | Ent: 0.493 | τ: 0.95 | Elo: 1808 | GPM: 82 | WIN
[G 324190] WR:  61.6% | Ent: 0.493 | τ: 0.95 | Elo: 1835 | GPM: 84 | loss
[G 324220] WR:  60.4% | Ent: 0.493 | τ: 0.95 | Elo: 1780 | GPM: 82 | WIN
[G 324220] WR:  60.4% | Ent: 0.493 | τ: 0.95 | Elo: 1786 | GPM: 82 | WIN
[G 324220] WR:  60.6% | Ent: 0.493 | τ: 0.95 | Elo: 1788 | GPM: 82 | WIN
[G 324230] WR:  60.8% | Ent: 0.493 | τ: 0.95 | Elo: 1802 | GPM: 82 | WIN
[G 324230] WR:  60.6% | Ent: 0.493 | τ: 0.95 | Elo: 1797 | GPM: 82 | loss
[G 324230] WR:  60.4% | Ent: 0.493 | τ: 0.95 | Elo: 1792 | GPM: 82 | loss
[G 324240] WR:  59.8% | Ent: 0.493 | τ: 0.95 | Elo: 1766 | GPM: 83 | WIN
[G 324240] WR:  60.0% | Ent: 0.493 | τ: 0.95 | Elo: 1768 | GPM: 83 | WIN
[G 324240] WR:  59.8% | Ent: 0.493 | τ: 0.95 | Elo: 1762 | GPM: 83 | loss
[G 324250] WR:  60.2% | Ent: 0.493 | τ: 0.95 | Elo: 1798 | GPM: 83 | WIN
[G 324250] WR:  60.4% | Ent: 0.493 | τ: 0.95 | Elo: 1800 | GPM: 83 | WIN
[G 324250] WR:  60.6% | Ent: 0.493 | τ: 0.95 | Elo: 1805 | GPM: 83 | WIN
[G 324250] WR:  60.4% | Ent: 0.493 | τ: 0.95 | Elo: 1800 | GPM: 83 | loss
[G 324260] WR:  60.8% | Ent: 0.493 | τ: 0.95 | Elo: 1821 | GPM: 84 | WIN
[G 324280] WR:  60.6% | Ent: 0.493 | τ: 0.95 | Elo: 1817 | GPM: 81 | loss
[G 324280] WR:  60.6% | Ent: 0.493 | τ: 0.95 | Elo: 1819 | GPM: 81 | WIN
[G 324280] WR:  60.6% | Ent: 0.493 | τ: 0.95 | Elo: 1823 | GPM: 81 | WIN
[G 324290] WR:  61.4% | Ent: 0.493 | τ: 0.95 | Elo: 1836 | GPM: 81 | WIN
[G 324290] WR:  61.4% | Ent: 0.493 | τ: 0.95 | Elo: 1830 | GPM: 81 | loss
[G 324300] WR:  61.6% | Ent: 0.493 | τ: 0.95 | Elo: 1824 | GPM: 82 | WIN
[G 324320] WR:  62.0% | Ent: 0.493 | τ: 0.95 | Elo: 1828 | GPM: 83 | loss
[G 324320] WR:  62.0% | Ent: 0.493 | τ: 0.95 | Elo: 1834 | GPM: 83 | WIN
[G 324320] WR:  62.2% | Ent: 0.493 | τ: 0.95 | Elo: 1839 | GPM: 83 | WIN
[G 324330] WR:  62.0% | Ent: 0.493 | τ: 0.95 | Elo: 1824 | GPM: 84 | loss
[G 324330] WR:  61.8% | Ent: 0.493 | τ: 0.95 | Elo: 1819 | GPM: 84 | loss
[G 324330] WR:  61.8% | Ent: 0.493 | τ: 0.95 | Elo: 1813 | GPM: 84 | loss
[G 324340] WR:  61.8% | Ent: 0.493 | τ: 0.95 | Elo: 1805 | GPM: 80 | loss
[G 324340] WR:  61.8% | Ent: 0.493 | τ: 0.95 | Elo: 1800 | GPM: 80 | loss
[G 324350] WR:  62.0% | Ent: 0.493 | τ: 0.95 | Elo: 1801 | GPM: 81 | WIN
[G 324390] WR:  60.6% | Ent: 0.493 | τ: 0.95 | Elo: 1795 | GPM: 83 | loss
[G 324390] WR:  60.6% | Ent: 0.493 | τ: 0.95 | Elo: 1786 | GPM: 83 | loss
[Auto-save] Checkpoint saved (game 324403)
[G 324450] WR:  59.2% | Ent: 0.492 | τ: 0.95 | Elo: 1783 | GPM: 83 | WIN
[G 324450] WR:  59.0% | Ent: 0.492 | τ: 0.95 | Elo: 1778 | GPM: 83 | loss
[G 324450] WR:  58.8% | Ent: 0.492 | τ: 0.95 | Elo: 1773 | GPM: 83 | loss
[G 324450] WR:  58.6% | Ent: 0.492 | τ: 0.95 | Elo: 1764 | GPM: 83 | loss
[G 324450] WR:  58.4% | Ent: 0.492 | τ: 0.95 | Elo: 1760 | GPM: 83 | loss
[G 324450] WR:  58.4% | Ent: 0.492 | τ: 0.95 | Elo: 1765 | GPM: 82 | WIN
[G 324450] WR:  58.4% | Ent: 0.492 | τ: 0.95 | Elo: 1771 | GPM: 82 | WIN
[G 324520] WR:  60.4% | Ent: 0.490 | τ: 0.95 | Elo: 1812 | GPM: 83 | WIN
[G 324520] WR:  60.2% | Ent: 0.490 | τ: 0.95 | Elo: 1806 | GPM: 83 | loss
[G 324520] WR:  60.4% | Ent: 0.490 | τ: 0.95 | Elo: 1807 | GPM: 83 | WIN
[G 324550] WR:  60.2% | Ent: 0.491 | τ: 0.95 | Elo: 1785 | GPM: 82 | WIN
[G 324550] WR:  60.4% | Ent: 0.491 | τ: 0.95 | Elo: 1787 | GPM: 82 | WIN
[G 324580] WR:  59.4% | Ent: 0.491 | τ: 0.95 | Elo: 1802 | GPM: 83 | loss
[G 324600] WR:  60.2% | Ent: 0.492 | τ: 0.95 | Elo: 1805 | GPM: 81 | WIN
[G 324600] WR:  60.4% | Ent: 0.492 | τ: 0.95 | Elo: 1810 | GPM: 81 | WIN
[G 324600] WR:  60.4% | Ent: 0.492 | τ: 0.95 | Elo: 1801 | GPM: 81 | loss
[G 324600] WR:  60.4% | Ent: 0.492 | τ: 0.95 | Elo: 1802 | GPM: 81 | WIN
[G 324620] WR:  59.2% | Ent: 0.492 | τ: 0.95 | Elo: 1768 | GPM: 82 | loss
[G 324620] WR:  59.4% | Ent: 0.492 | τ: 0.95 | Elo: 1775 | GPM: 82 | WIN
[G 324640] WR:  59.8% | Ent: 0.492 | τ: 0.95 | Elo: 1789 | GPM: 83 | loss
[G 324640] WR:  60.0% | Ent: 0.492 | τ: 0.95 | Elo: 1794 | GPM: 83 | WIN
[G 324640] WR:  60.0% | Ent: 0.492 | τ: 0.95 | Elo: 1801 | GPM: 83 | WIN
[G 324640] WR:  60.0% | Ent: 0.492 | τ: 0.95 | Elo: 1803 | GPM: 83 | WIN
[G 324670] WR:  59.8% | Ent: 0.493 | τ: 0.95 | Elo: 1808 | GPM: 82 | WIN
[G 324710] WR:  59.0% | Ent: 0.493 | τ: 0.95 | Elo: 1795 | GPM: 84 | loss
[G 324710] WR:  58.8% | Ent: 0.493 | τ: 0.95 | Elo: 1791 | GPM: 84 | loss
[G 324740] WR:  60.0% | Ent: 0.494 | τ: 0.95 | Elo: 1809 | GPM: 81 | WIN
[G 324740] WR:  60.2% | Ent: 0.494 | τ: 0.95 | Elo: 1810 | GPM: 81 | WIN
[G 324760] WR:  59.8% | Ent: 0.494 | τ: 0.95 | Elo: 1833 | GPM: 82 | WIN
[G 324780] WR:  59.4% | Ent: 0.494 | τ: 0.95 | Elo: 1829 | GPM: 83 | loss
[Auto-save] Checkpoint saved (game 324852)
[G 324870] WR:  59.8% | Ent: 0.494 | τ: 0.95 | Elo: 1826 | GPM: 82 | WIN
[G 324870] WR:  59.6% | Ent: 0.494 | τ: 0.95 | Elo: 1821 | GPM: 82 | loss
[G 324920] WR:  59.0% | Ent: 0.494 | τ: 0.95 | Elo: 1811 | GPM: 81 | loss
[G 324920] WR:  58.8% | Ent: 0.494 | τ: 0.95 | Elo: 1802 | GPM: 81 | loss
[G 324920] WR:  59.0% | Ent: 0.494 | τ: 0.95 | Elo: 1808 | GPM: 81 | WIN
[G 324920] WR:  59.0% | Ent: 0.494 | τ: 0.95 | Elo: 1812 | GPM: 81 | WIN
[G 324930] WR:  60.0% | Ent: 0.494 | τ: 0.95 | Elo: 1830 | GPM: 82 | loss
[G 324940] WR:  60.4% | Ent: 0.494 | τ: 0.95 | Elo: 1830 | GPM: 82 | WIN
[G 324940] WR:  60.4% | Ent: 0.494 | τ: 0.95 | Elo: 1835 | GPM: 82 | WIN
[G 324940] WR:  60.6% | Ent: 0.494 | τ: 0.95 | Elo: 1840 | GPM: 82 | WIN
[G 324950] WR:  60.8% | Ent: 0.494 | τ: 0.95 | Elo: 1839 | GPM: 82 | WIN
[G 324950] WR:  60.8% | Ent: 0.494 | τ: 0.95 | Elo: 1843 | GPM: 82 | WIN
[G 325000] WR:  59.8% | Ent: 0.494 | τ: 0.95 | Elo: 1816 | GPM: 82 | loss
[G 325000] WR:  59.6% | Ent: 0.494 | τ: 0.95 | Elo: 1810 | GPM: 82 | loss
[G 325000] WR:  59.4% | Ent: 0.494 | τ: 0.95 | Elo: 1804 | GPM: 82 | loss
[G 325000] WR:  59.6% | Ent: 0.494 | τ: 0.95 | Elo: 1808 | GPM: 82 | WIN
[G 325020] WR:  60.2% | Ent: 0.494 | τ: 0.95 | Elo: 1819 | GPM: 83 | WIN
[G 325020] WR:  60.4% | Ent: 0.494 | τ: 0.95 | Elo: 1824 | GPM: 83 | WIN
[G 325020] WR:  60.4% | Ent: 0.494 | τ: 0.95 | Elo: 1825 | GPM: 83 | WIN
[G 325070] WR:  61.6% | Ent: 0.494 | τ: 0.95 | Elo: 1839 | GPM: 83 | WIN
[G 325080] WR:  62.2% | Ent: 0.494 | τ: 0.95 | Elo: 1860 | GPM: 83 | WIN
[G 325080] WR:  62.4% | Ent: 0.494 | τ: 0.95 | Elo: 1864 | GPM: 83 | WIN
[G 325080] WR:  62.4% | Ent: 0.494 | τ: 0.95 | Elo: 1865 | GPM: 83 | WIN
[G 325080] WR:  62.6% | Ent: 0.494 | τ: 0.95 | Elo: 1870 | GPM: 83 | WIN
[G 325120] WR:  63.0% | Ent: 0.494 | τ: 0.95 | Elo: 1826 | GPM: 82 | WIN
[G 325120] WR:  63.0% | Ent: 0.494 | τ: 0.95 | Elo: 1831 | GPM: 82 | WIN
[G 325180] WR:  62.6% | Ent: 0.495 | τ: 0.95 | Elo: 1782 | GPM: 83 | loss
[G 325180] WR:  62.8% | Ent: 0.495 | τ: 0.95 | Elo: 1788 | GPM: 83 | WIN
[G 325180] WR:  62.6% | Ent: 0.495 | τ: 0.95 | Elo: 1783 | GPM: 82 | loss

--- Evaluation (500 games) ---
--- Eval Win Rate: 73.2% ---

  ↓ No improvement (1/100 patience)
[G 325190] WR:  63.0% | Ent: 0.495 | τ: 0.95 | Elo: 1791 | GPM: 78 | WIN
[G 325190] WR:  63.0% | Ent: 0.495 | τ: 0.95 | Elo: 1786 | GPM: 78 | loss
[G 325210] WR:  62.8% | Ent: 0.495 | τ: 0.95 | Elo: 1779 | GPM: 79 | WIN
[G 325260] WR:  62.4% | Ent: 0.495 | τ: 0.95 | Elo: 1811 | GPM: 78 | WIN
[G 325260] WR:  62.2% | Ent: 0.495 | τ: 0.95 | Elo: 1806 | GPM: 78 | loss
[G 325260] WR:  62.4% | Ent: 0.495 | τ: 0.95 | Elo: 1810 | GPM: 78 | WIN
[G 325260] WR:  62.4% | Ent: 0.495 | τ: 0.95 | Elo: 1812 | GPM: 78 | WIN
[G 325260] WR:  62.4% | Ent: 0.495 | τ: 0.95 | Elo: 1817 | GPM: 78 | WIN
[G 325310] WR:  64.6% | Ent: 0.497 | τ: 0.95 | Elo: 1830 | GPM: 78 | WIN
[G 325310] WR:  64.4% | Ent: 0.497 | τ: 0.95 | Elo: 1824 | GPM: 78 | loss
[G 325310] WR:  64.4% | Ent: 0.497 | τ: 0.95 | Elo: 1830 | GPM: 78 | WIN
[G 325310] WR:  64.4% | Ent: 0.497 | τ: 0.95 | Elo: 1831 | GPM: 78 | WIN
[G 325340] WR:  64.0% | Ent: 0.497 | τ: 0.95 | Elo: 1839 | GPM: 78 | WIN
[G 325380] WR:  64.2% | Ent: 0.498 | τ: 0.95 | Elo: 1826 | GPM: 78 | loss
[G 325400] WR:  65.0% | Ent: 0.498 | τ: 0.95 | Elo: 1839 | GPM: 79 | WIN
[G 325410] WR:  65.0% | Ent: 0.498 | τ: 0.95 | Elo: 1829 | GPM: 79 | WIN
[G 325410] WR:  65.0% | Ent: 0.498 | τ: 0.95 | Elo: 1824 | GPM: 79 | loss
[G 325410] WR:  64.8% | Ent: 0.498 | τ: 0.95 | Elo: 1819 | GPM: 79 | loss
[G 325410] WR:  64.8% | Ent: 0.498 | τ: 0.95 | Elo: 1824 | GPM: 79 | WIN
[G 325450] WR:  63.4% | Ent: 0.498 | τ: 0.95 | Elo: 1794 | GPM: 78 | WIN
[G 325470] WR:  63.8% | Ent: 0.498 | τ: 0.95 | Elo: 1806 | GPM: 79 | loss
[G 325470] WR:  63.8% | Ent: 0.498 | τ: 0.95 | Elo: 1812 | GPM: 79 | WIN
[G 325470] WR:  63.8% | Ent: 0.498 | τ: 0.95 | Elo: 1817 | GPM: 79 | WIN
[G 325470] WR:  64.0% | Ent: 0.498 | τ: 0.95 | Elo: 1819 | GPM: 79 | WIN
[G 325520] WR:  64.4% | Ent: 0.499 | τ: 0.95 | Elo: 1837 | GPM: 79 | WIN
[G 325520] WR:  64.4% | Ent: 0.499 | τ: 0.95 | Elo: 1838 | GPM: 79 | WIN
[G 325520] WR:  64.4% | Ent: 0.499 | τ: 0.95 | Elo: 1843 | GPM: 79 | WIN
[G 325520] WR:  64.2% | Ent: 0.499 | τ: 0.95 | Elo: 1837 | GPM: 79 | loss
[G 325560] WR:  63.8% | Ent: 0.498 | τ: 0.95 | Elo: 1817 | GPM: 78 | loss
[G 325560] WR:  64.0% | Ent: 0.498 | τ: 0.95 | Elo: 1822 | GPM: 78 | WIN
[G 325560] WR:  64.0% | Ent: 0.498 | τ: 0.95 | Elo: 1827 | GPM: 78 | WIN
[G 325560] WR:  64.2% | Ent: 0.498 | τ: 0.95 | Elo: 1832 | GPM: 78 | WIN
[G 325560] WR:  64.0% | Ent: 0.498 | τ: 0.95 | Elo: 1823 | GPM: 78 | loss
[G 325570] WR:  63.0% | Ent: 0.498 | τ: 0.95 | Elo: 1799 | GPM: 79 | WIN
[G 325580] WR:  62.6% | Ent: 0.498 | τ: 0.95 | Elo: 1807 | GPM: 79 | WIN
[G 325580] WR:  62.4% | Ent: 0.498 | τ: 0.95 | Elo: 1801 | GPM: 79 | loss
[G 325580] WR:  62.4% | Ent: 0.498 | τ: 0.95 | Elo: 1806 | GPM: 79 | WIN
[G 325580] WR:  62.2% | Ent: 0.498 | τ: 0.95 | Elo: 1801 | GPM: 79 | loss
[G 325610] WR:  62.8% | Ent: 0.498 | τ: 0.95 | Elo: 1836 | GPM: 80 | loss
[G 325610] WR:  63.0% | Ent: 0.498 | τ: 0.95 | Elo: 1838 | GPM: 80 | WIN
[G 325610] WR:  63.0% | Ent: 0.498 | τ: 0.95 | Elo: 1843 | GPM: 80 | WIN
[Auto-save] Checkpoint saved (game 325618)
[G 325650] WR:  62.2% | Ent: 0.498 | τ: 0.95 | Elo: 1787 | GPM: 79 | loss
[G 325690] WR:  63.6% | Ent: 0.499 | τ: 0.95 | Elo: 1829 | GPM: 79 | WIN
[G 325690] WR:  63.8% | Ent: 0.499 | τ: 0.95 | Elo: 1830 | GPM: 79 | WIN
[G 325850] WR:  62.8% | Ent: 0.499 | τ: 0.95 | Elo: 1814 | GPM: 80 | WIN
[G 325850] WR:  62.8% | Ent: 0.499 | τ: 0.95 | Elo: 1808 | GPM: 80 | loss
[G 325850] WR:  62.6% | Ent: 0.499 | τ: 0.95 | Elo: 1802 | GPM: 80 | loss
[G 325870] WR:  63.4% | Ent: 0.499 | τ: 0.95 | Elo: 1836 | GPM: 81 | WIN
[G 325870] WR:  63.6% | Ent: 0.499 | τ: 0.95 | Elo: 1838 | GPM: 81 | WIN
[G 325870] WR:  63.4% | Ent: 0.499 | τ: 0.95 | Elo: 1828 | GPM: 81 | loss
[G 325870] WR:  63.6% | Ent: 0.499 | τ: 0.95 | Elo: 1833 | GPM: 81 | WIN
[G 326010] WR:  62.4% | Ent: 0.499 | τ: 0.95 | Elo: 1788 | GPM: 80 | WIN
[G 326010] WR:  62.6% | Ent: 0.499 | τ: 0.95 | Elo: 1793 | GPM: 80 | WIN
[G 326010] WR:  62.8% | Ent: 0.499 | τ: 0.95 | Elo: 1797 | GPM: 80 | WIN
[Auto-save] Checkpoint saved (game 326066)
[G 326070] WR:  63.2% | Ent: 0.499 | τ: 0.95 | Elo: 1794 | GPM: 80 | loss
[G 326070] WR:  63.2% | Ent: 0.499 | τ: 0.95 | Elo: 1800 | GPM: 80 | WIN
[G 326070] WR:  63.4% | Ent: 0.499 | τ: 0.95 | Elo: 1802 | GPM: 80 | WIN
[G 326070] WR:  63.2% | Ent: 0.499 | τ: 0.95 | Elo: 1797 | GPM: 80 | loss
[G 326150] WR:  62.4% | Ent: 0.499 | τ: 0.95 | Elo: 1787 | GPM: 80 | loss
[G 326150] WR:  62.4% | Ent: 0.499 | τ: 0.95 | Elo: 1781 | GPM: 80 | loss
[G 326150] WR:  62.6% | Ent: 0.499 | τ: 0.95 | Elo: 1783 | GPM: 80 | WIN
[G 326160] WR:  62.2% | Ent: 0.499 | τ: 0.95 | Elo: 1758 | GPM: 80 | WIN
[G 326160] WR:  62.2% | Ent: 0.499 | τ: 0.95 | Elo: 1760 | GPM: 80 | WIN
[G 326210] WR:  61.8% | Ent: 0.500 | τ: 0.95 | Elo: 1818 | GPM: 80 | WIN
[G 326210] WR:  61.8% | Ent: 0.500 | τ: 0.95 | Elo: 1823 | GPM: 80 | WIN
[G 326250] WR:  62.4% | Ent: 0.500 | τ: 0.95 | Elo: 1849 | GPM: 81 | WIN
[G 326260] WR:  62.6% | Ent: 0.500 | τ: 0.95 | Elo: 1838 | GPM: 80 | loss
[G 326270] WR:  61.8% | Ent: 0.500 | τ: 0.95 | Elo: 1819 | GPM: 80 | loss
[G 326270] WR:  61.8% | Ent: 0.500 | τ: 0.95 | Elo: 1823 | GPM: 80 | WIN
[G 326350] WR:  62.4% | Ent: 0.500 | τ: 0.95 | Elo: 1844 | GPM: 80 | WIN
[G 326360] WR:  61.8% | Ent: 0.500 | τ: 0.95 | Elo: 1837 | GPM: 81 | loss
[G 326360] WR:  61.8% | Ent: 0.500 | τ: 0.95 | Elo: 1843 | GPM: 81 | WIN
[G 326400] WR:  60.6% | Ent: 0.500 | τ: 0.95 | Elo: 1784 | GPM: 80 | WIN
[G 326400] WR:  60.8% | Ent: 0.500 | τ: 0.95 | Elo: 1786 | GPM: 80 | WIN
[G 326400] WR:  60.8% | Ent: 0.500 | τ: 0.95 | Elo: 1782 | GPM: 80 | loss
[G 326400] WR:  61.0% | Ent: 0.500 | τ: 0.95 | Elo: 1787 | GPM: 80 | WIN
[G 326400] WR:  61.0% | Ent: 0.500 | τ: 0.95 | Elo: 1789 | GPM: 80 | WIN
[G 326400] WR:  60.8% | Ent: 0.500 | τ: 0.95 | Elo: 1784 | GPM: 80 | loss
[G 326430] WR:  61.4% | Ent: 0.500 | τ: 0.95 | Elo: 1798 | GPM: 81 | WIN
[G 326430] WR:  61.2% | Ent: 0.500 | τ: 0.95 | Elo: 1794 | GPM: 81 | loss
[G 326430] WR:  61.4% | Ent: 0.500 | τ: 0.95 | Elo: 1800 | GPM: 81 | WIN
[G 326430] WR:  61.2% | Ent: 0.500 | τ: 0.95 | Elo: 1796 | GPM: 81 | loss
[G 326440] WR:  61.2% | Ent: 0.500 | τ: 0.95 | Elo: 1784 | GPM: 81 | loss
[G 326440] WR:  61.2% | Ent: 0.500 | τ: 0.95 | Elo: 1785 | GPM: 81 | WIN
[G 326440] WR:  61.0% | Ent: 0.500 | τ: 0.95 | Elo: 1781 | GPM: 81 | loss
[G 326490] WR:  61.4% | Ent: 0.500 | τ: 0.95 | Elo: 1842 | GPM: 81 | loss
[G 326490] WR:  61.4% | Ent: 0.500 | τ: 0.95 | Elo: 1835 | GPM: 81 | loss
[G 326490] WR:  61.4% | Ent: 0.500 | τ: 0.95 | Elo: 1839 | GPM: 81 | WIN
[G 326500] WR:  61.2% | Ent: 0.500 | τ: 0.95 | Elo: 1830 | GPM: 81 | loss
[G 326510] WR:  60.8% | Ent: 0.500 | τ: 0.95 | Elo: 1798 | GPM: 81 | loss
[Auto-save] Checkpoint saved (game 326515)
[G 326550] WR:  60.8% | Ent: 0.500 | τ: 0.95 | Elo: 1800 | GPM: 80 | WIN
[G 326550] WR:  61.0% | Ent: 0.500 | τ: 0.95 | Elo: 1804 | GPM: 80 | WIN
[G 326550] WR:  61.0% | Ent: 0.500 | τ: 0.95 | Elo: 1808 | GPM: 80 | WIN
[G 326560] WR:  60.6% | Ent: 0.500 | τ: 0.95 | Elo: 1812 | GPM: 80 | WIN
[G 326560] WR:  60.8% | Ent: 0.500 | τ: 0.95 | Elo: 1814 | GPM: 80 | WIN
[G 326610] WR:  60.8% | Ent: 0.499 | τ: 0.95 | Elo: 1787 | GPM: 80 | WIN
[G 326680] WR:  61.6% | Ent: 0.499 | τ: 0.95 | Elo: 1787 | GPM: 80 | WIN
[G 326680] WR:  61.6% | Ent: 0.499 | τ: 0.95 | Elo: 1792 | GPM: 80 | WIN
[G 326740] WR:  60.4% | Ent: 0.499 | τ: 0.95 | Elo: 1778 | GPM: 80 | WIN
[G 326740] WR:  60.2% | Ent: 0.499 | τ: 0.95 | Elo: 1773 | GPM: 80 | loss
[G 326740] WR:  60.2% | Ent: 0.499 | τ: 0.95 | Elo: 1768 | GPM: 80 | loss
[G 326740] WR:  60.2% | Ent: 0.499 | τ: 0.95 | Elo: 1764 | GPM: 80 | loss
[G 326740] WR:  60.2% | Ent: 0.499 | τ: 0.95 | Elo: 1770 | GPM: 80 | WIN
[G 326740] WR:  60.2% | Ent: 0.499 | τ: 0.95 | Elo: 1776 | GPM: 80 | WIN
[G 326760] WR:  59.2% | Ent: 0.499 | τ: 0.95 | Elo: 1767 | GPM: 80 | loss
[G 326770] WR:  59.2% | Ent: 0.499 | τ: 0.95 | Elo: 1760 | GPM: 79 | loss
[G 326770] WR:  59.2% | Ent: 0.499 | τ: 0.95 | Elo: 1754 | GPM: 79 | loss
[G 326770] WR:  59.2% | Ent: 0.499 | τ: 0.95 | Elo: 1760 | GPM: 79 | WIN
[G 326830] WR:  57.6% | Ent: 0.499 | τ: 0.95 | Elo: 1776 | GPM: 81 | WIN
[G 326830] WR:  57.6% | Ent: 0.499 | τ: 0.95 | Elo: 1780 | GPM: 81 | WIN
[G 326860] WR:  56.6% | Ent: 0.498 | τ: 0.95 | Elo: 1754 | GPM: 80 | loss
[G 326860] WR:  56.6% | Ent: 0.498 | τ: 0.95 | Elo: 1750 | GPM: 80 | loss
[G 326860] WR:  56.4% | Ent: 0.498 | τ: 0.95 | Elo: 1745 | GPM: 80 | loss
[Auto-save] Checkpoint saved (game 326942)
[G 327030] WR:  58.0% | Ent: 0.498 | τ: 0.95 | Elo: 1800 | GPM: 79 | WIN
[G 327030] WR:  58.0% | Ent: 0.498 | τ: 0.95 | Elo: 1806 | GPM: 79 | WIN
[G 327030] WR:  58.2% | Ent: 0.498 | τ: 0.95 | Elo: 1810 | GPM: 79 | WIN
[G 327030] WR:  58.2% | Ent: 0.498 | τ: 0.95 | Elo: 1812 | GPM: 79 | WIN
[G 327030] WR:  58.2% | Ent: 0.498 | τ: 0.95 | Elo: 1807 | GPM: 79 | loss
[G 327040] WR:  58.0% | Ent: 0.498 | τ: 0.95 | Elo: 1807 | GPM: 79 | WIN
[G 327050] WR:  58.2% | Ent: 0.498 | τ: 0.95 | Elo: 1830 | GPM: 79 | loss
[G 327090] WR:  59.0% | Ent: 0.500 | τ: 0.95 | Elo: 1855 | GPM: 79 | WIN
[G 327090] WR:  59.0% | Ent: 0.500 | τ: 0.95 | Elo: 1860 | GPM: 79 | WIN
[G 327100] WR:  59.6% | Ent: 0.500 | τ: 0.95 | Elo: 1867 | GPM: 79 | WIN
[G 327100] WR:  59.6% | Ent: 0.500 | τ: 0.95 | Elo: 1871 | GPM: 79 | WIN
[G 327100] WR:  59.6% | Ent: 0.500 | τ: 0.95 | Elo: 1874 | GPM: 79 | WIN
[G 327100] WR:  59.8% | Ent: 0.500 | τ: 0.95 | Elo: 1875 | GPM: 79 | WIN
[G 327110] WR:  60.4% | Ent: 0.500 | τ: 0.95 | Elo: 1875 | GPM: 80 | WIN
[G 327110] WR:  60.4% | Ent: 0.500 | τ: 0.95 | Elo: 1880 | GPM: 79 | WIN
[G 327130] WR:  60.0% | Ent: 0.500 | τ: 0.95 | Elo: 1842 | GPM: 80 | loss
[G 327130] WR:  59.8% | Ent: 0.500 | τ: 0.95 | Elo: 1835 | GPM: 80 | loss
[G 327130] WR:  60.0% | Ent: 0.500 | τ: 0.95 | Elo: 1836 | GPM: 80 | WIN
[G 327130] WR:  60.0% | Ent: 0.500 | τ: 0.95 | Elo: 1838 | GPM: 80 | WIN
[G 327140] WR:  61.0% | Ent: 0.500 | τ: 0.95 | Elo: 1857 | GPM: 80 | WIN
[G 327140] WR:  60.8% | Ent: 0.500 | τ: 0.95 | Elo: 1850 | GPM: 80 | loss
[G 327160] WR:  61.0% | Ent: 0.500 | τ: 0.95 | Elo: 1840 | GPM: 79 | loss

--- Evaluation (500 games) ---
--- Eval Win Rate: 72.4% ---

  ↓ No improvement (2/100 patience)
[G 327210] WR:  60.6% | Ent: 0.500 | τ: 0.95 | Elo: 1803 | GPM: 77 | loss
[G 327210] WR:  60.8% | Ent: 0.500 | τ: 0.95 | Elo: 1809 | GPM: 77 | WIN
[G 327210] WR:  60.8% | Ent: 0.500 | τ: 0.95 | Elo: 1815 | GPM: 77 | WIN
[G 327210] WR:  60.8% | Ent: 0.500 | τ: 0.95 | Elo: 1809 | GPM: 77 | loss
[G 327210] WR:  61.0% | Ent: 0.500 | τ: 0.95 | Elo: 1815 | GPM: 77 | WIN
[G 327240] WR:  61.6% | Ent: 0.500 | τ: 0.95 | Elo: 1815 | GPM: 77 | loss
[G 327240] WR:  61.4% | Ent: 0.500 | τ: 0.95 | Elo: 1809 | GPM: 77 | loss
[G 327240] WR:  61.4% | Ent: 0.500 | τ: 0.95 | Elo: 1814 | GPM: 77 | WIN
[G 327260] WR:  62.2% | Ent: 0.500 | τ: 0.95 | Elo: 1832 | GPM: 77 | loss
[G 327260] WR:  62.2% | Ent: 0.500 | τ: 0.95 | Elo: 1822 | GPM: 77 | loss
[G 327290] WR:  62.4% | Ent: 0.500 | τ: 0.95 | Elo: 1820 | GPM: 77 | WIN
[G 327290] WR:  62.6% | Ent: 0.500 | τ: 0.95 | Elo: 1825 | GPM: 77 | WIN
[G 327290] WR:  62.4% | Ent: 0.500 | τ: 0.95 | Elo: 1819 | GPM: 77 | loss
[G 327290] WR:  62.2% | Ent: 0.500 | τ: 0.95 | Elo: 1813 | GPM: 77 | loss
[G 327290] WR:  62.0% | Ent: 0.500 | τ: 0.95 | Elo: 1808 | GPM: 77 | loss
[G 327350] WR:  61.8% | Ent: 0.500 | τ: 0.95 | Elo: 1762 | GPM: 77 | loss
[G 327350] WR:  62.0% | Ent: 0.500 | τ: 0.95 | Elo: 1767 | GPM: 77 | WIN
[G 327350] WR:  62.0% | Ent: 0.500 | τ: 0.95 | Elo: 1762 | GPM: 77 | loss
[G 327350] WR:  62.0% | Ent: 0.500 | τ: 0.95 | Elo: 1768 | GPM: 77 | WIN
[G 327350] WR:  62.2% | Ent: 0.500 | τ: 0.95 | Elo: 1774 | GPM: 77 | WIN
[G 327350] WR:  62.2% | Ent: 0.500 | τ: 0.95 | Elo: 1779 | GPM: 77 | WIN
[G 327350] WR:  62.4% | Ent: 0.500 | τ: 0.95 | Elo: 1785 | GPM: 77 | WIN
[G 327360] WR:  62.8% | Ent: 0.500 | τ: 0.95 | Elo: 1787 | GPM: 77 | loss
[G 327360] WR:  62.8% | Ent: 0.500 | τ: 0.95 | Elo: 1782 | GPM: 77 | loss
[G 327380] WR:  63.0% | Ent: 0.500 | τ: 0.95 | Elo: 1779 | GPM: 77 | WIN
[G 327410] WR:  61.8% | Ent: 0.500 | τ: 0.95 | Elo: 1770 | GPM: 76 | WIN
[G 327410] WR:  61.6% | Ent: 0.500 | τ: 0.95 | Elo: 1765 | GPM: 76 | loss
[G 327410] WR:  61.8% | Ent: 0.500 | τ: 0.95 | Elo: 1771 | GPM: 76 | WIN
[G 327420] WR:  61.4% | Ent: 0.500 | τ: 0.95 | Elo: 1749 | GPM: 76 | loss
[G 327420] WR:  61.4% | Ent: 0.500 | τ: 0.95 | Elo: 1745 | GPM: 76 | loss
[G 327440] WR:  60.4% | Ent: 0.500 | τ: 0.95 | Elo: 1721 | GPM: 77 | loss
[G 327440] WR:  60.4% | Ent: 0.500 | τ: 0.95 | Elo: 1717 | GPM: 77 | loss
[G 327510] WR:  60.2% | Ent: 0.500 | τ: 0.95 | Elo: 1802 | GPM: 77 | loss
[G 327520] WR:  60.4% | Ent: 0.500 | τ: 0.95 | Elo: 1798 | GPM: 77 | WIN
[G 327530] WR:  60.4% | Ent: 0.500 | τ: 0.95 | Elo: 1791 | GPM: 77 | loss
[Auto-save] Checkpoint saved (game 327538)
[G 327550] WR:  60.4% | Ent: 0.501 | τ: 0.95 | Elo: 1824 | GPM: 77 | WIN
[G 327550] WR:  60.4% | Ent: 0.501 | τ: 0.95 | Elo: 1818 | GPM: 77 | loss
[G 327590] WR:  59.2% | Ent: 0.501 | τ: 0.95 | Elo: 1813 | GPM: 77 | loss
[G 327620] WR:  58.0% | Ent: 0.501 | τ: 0.95 | Elo: 1801 | GPM: 77 | WIN
[G 327620] WR:  58.0% | Ent: 0.501 | τ: 0.95 | Elo: 1796 | GPM: 77 | loss
[G 327620] WR:  58.0% | Ent: 0.501 | τ: 0.95 | Elo: 1791 | GPM: 77 | loss
[G 327630] WR:  58.2% | Ent: 0.501 | τ: 0.95 | Elo: 1782 | GPM: 77 | loss
[G 327630] WR:  58.2% | Ent: 0.501 | τ: 0.95 | Elo: 1787 | GPM: 77 | WIN
[G 327650] WR:  57.4% | Ent: 0.501 | τ: 0.95 | Elo: 1796 | GPM: 77 | WIN
[G 327650] WR:  57.4% | Ent: 0.501 | τ: 0.95 | Elo: 1802 | GPM: 77 | WIN
[G 327650] WR:  57.4% | Ent: 0.501 | τ: 0.95 | Elo: 1796 | GPM: 77 | loss
[G 327680] WR:  58.2% | Ent: 0.501 | τ: 0.95 | Elo: 1803 | GPM: 77 | loss
[G 327700] WR:  58.2% | Ent: 0.501 | τ: 0.95 | Elo: 1813 | GPM: 77 | WIN
[G 327700] WR:  58.2% | Ent: 0.501 | τ: 0.95 | Elo: 1818 | GPM: 77 | WIN
[G 327720] WR:  58.4% | Ent: 0.501 | τ: 0.95 | Elo: 1803 | GPM: 77 | WIN
[G 327720] WR:  58.6% | Ent: 0.501 | τ: 0.95 | Elo: 1808 | GPM: 77 | WIN
[G 327740] WR:  58.2% | Ent: 0.500 | τ: 0.95 | Elo: 1789 | GPM: 77 | loss
[G 327740] WR:  58.0% | Ent: 0.500 | τ: 0.95 | Elo: 1785 | GPM: 77 | loss
[G 327760] WR:  57.6% | Ent: 0.500 | τ: 0.95 | Elo: 1805 | GPM: 77 | WIN
[G 327760] WR:  57.6% | Ent: 0.500 | τ: 0.95 | Elo: 1799 | GPM: 77 | loss
[G 327770] WR:  57.8% | Ent: 0.500 | τ: 0.95 | Elo: 1790 | GPM: 77 | WIN
[G 327770] WR:  58.0% | Ent: 0.500 | τ: 0.95 | Elo: 1796 | GPM: 77 | WIN
[G 327800] WR:  58.8% | Ent: 0.501 | τ: 0.95 | Elo: 1803 | GPM: 77 | loss
[G 327830] WR:  59.0% | Ent: 0.501 | τ: 0.95 | Elo: 1779 | GPM: 77 | loss
[G 327830] WR:  59.0% | Ent: 0.501 | τ: 0.95 | Elo: 1774 | GPM: 77 | loss
[G 327880] WR:  59.0% | Ent: 0.501 | τ: 0.95 | Elo: 1800 | GPM: 77 | WIN
[G 327930] WR:  59.4% | Ent: 0.501 | τ: 0.95 | Elo: 1771 | GPM: 77 | WIN
[G 327930] WR:  59.4% | Ent: 0.501 | τ: 0.95 | Elo: 1777 | GPM: 77 | WIN
[G 327930] WR:  59.2% | Ent: 0.501 | τ: 0.95 | Elo: 1772 | GPM: 77 | loss
[G 327930] WR:  59.4% | Ent: 0.501 | τ: 0.95 | Elo: 1774 | GPM: 77 | WIN
[G 327930] WR:  59.6% | Ent: 0.501 | τ: 0.95 | Elo: 1779 | GPM: 77 | WIN
[G 327930] WR:  59.4% | Ent: 0.501 | τ: 0.95 | Elo: 1770 | GPM: 77 | loss
[G 327950] WR:  60.2% | Ent: 0.501 | τ: 0.95 | Elo: 1782 | GPM: 78 | WIN
[G 327950] WR:  60.0% | Ent: 0.501 | τ: 0.95 | Elo: 1777 | GPM: 78 | loss
[G 327960] WR:  59.8% | Ent: 0.501 | τ: 0.95 | Elo: 1768 | GPM: 78 | WIN
[G 327960] WR:  59.8% | Ent: 0.501 | τ: 0.95 | Elo: 1774 | GPM: 78 | WIN
[G 327970] WR:  60.4% | Ent: 0.501 | τ: 0.95 | Elo: 1796 | GPM: 78 | loss
[G 327970] WR:  60.6% | Ent: 0.501 | τ: 0.95 | Elo: 1797 | GPM: 78 | WIN
[Auto-save] Checkpoint saved (game 327986)
[G 328050] WR:  60.0% | Ent: 0.501 | τ: 0.95 | Elo: 1827 | GPM: 77 | WIN
[G 328050] WR:  60.0% | Ent: 0.501 | τ: 0.95 | Elo: 1828 | GPM: 77 | WIN
[G 328050] WR:  60.2% | Ent: 0.501 | τ: 0.95 | Elo: 1829 | GPM: 77 | WIN
[G 328070] WR:  60.4% | Ent: 0.501 | τ: 0.95 | Elo: 1846 | GPM: 78 | WIN
[G 328070] WR:  60.6% | Ent: 0.501 | τ: 0.95 | Elo: 1850 | GPM: 78 | WIN
[G 328070] WR:  60.8% | Ent: 0.501 | τ: 0.95 | Elo: 1853 | GPM: 78 | WIN
[G 328110] WR:  60.4% | Ent: 0.501 | τ: 0.95 | Elo: 1810 | GPM: 78 | WIN
[G 328130] WR:  60.0% | Ent: 0.501 | τ: 0.95 | Elo: 1768 | GPM: 78 | loss
[G 328130] WR:  60.0% | Ent: 0.501 | τ: 0.95 | Elo: 1770 | GPM: 78 | WIN
[G 328130] WR:  60.0% | Ent: 0.501 | τ: 0.95 | Elo: 1765 | GPM: 78 | loss
[G 328130] WR:  59.8% | Ent: 0.501 | τ: 0.95 | Elo: 1759 | GPM: 78 | loss
[G 328170] WR:  59.2% | Ent: 0.501 | τ: 0.95 | Elo: 1765 | GPM: 78 | loss
[G 328190] WR:  59.0% | Ent: 0.501 | τ: 0.95 | Elo: 1760 | GPM: 78 | WIN
[G 328190] WR:  59.0% | Ent: 0.501 | τ: 0.95 | Elo: 1765 | GPM: 78 | WIN
[G 328200] WR:  59.4% | Ent: 0.501 | τ: 0.95 | Elo: 1776 | GPM: 78 | WIN
[G 328200] WR:  59.4% | Ent: 0.501 | τ: 0.95 | Elo: 1781 | GPM: 78 | WIN
[G 328200] WR:  59.4% | Ent: 0.501 | τ: 0.95 | Elo: 1788 | GPM: 78 | WIN
[G 328210] WR:  59.2% | Ent: 0.501 | τ: 0.95 | Elo: 1764 | GPM: 78 | loss
[G 328210] WR:  59.2% | Ent: 0.501 | τ: 0.95 | Elo: 1770 | GPM: 78 | WIN
[G 328210] WR:  59.2% | Ent: 0.501 | τ: 0.95 | Elo: 1764 | GPM: 78 | loss
[G 328250] WR:  60.6% | Ent: 0.501 | τ: 0.95 | Elo: 1814 | GPM: 78 | loss
[G 328250] WR:  60.4% | Ent: 0.501 | τ: 0.95 | Elo: 1808 | GPM: 78 | loss
[G 328250] WR:  60.2% | Ent: 0.501 | τ: 0.95 | Elo: 1802 | GPM: 78 | loss
[G 328260] WR:  60.0% | Ent: 0.501 | τ: 0.95 | Elo: 1781 | GPM: 78 | WIN
[G 328280] WR:  59.6% | Ent: 0.501 | τ: 0.95 | Elo: 1787 | GPM: 78 | loss
[G 328340] WR:  60.0% | Ent: 0.501 | τ: 0.95 | Elo: 1772 | GPM: 78 | loss
[G 328340] WR:  60.2% | Ent: 0.501 | τ: 0.95 | Elo: 1774 | GPM: 78 | WIN
[G 328360] WR:  61.4% | Ent: 0.501 | τ: 0.95 | Elo: 1792 | GPM: 78 | WIN
[G 328360] WR:  61.4% | Ent: 0.501 | τ: 0.95 | Elo: 1787 | GPM: 78 | loss
[G 328380] WR:  60.6% | Ent: 0.501 | τ: 0.95 | Elo: 1796 | GPM: 78 | loss
[G 328380] WR:  60.4% | Ent: 0.501 | τ: 0.95 | Elo: 1790 | GPM: 78 | loss
[G 328380] WR:  60.4% | Ent: 0.501 | τ: 0.95 | Elo: 1795 | GPM: 78 | WIN
[G 328390] WR:  61.2% | Ent: 0.501 | τ: 0.95 | Elo: 1800 | GPM: 78 | WIN
[G 328390] WR:  61.0% | Ent: 0.501 | τ: 0.95 | Elo: 1794 | GPM: 78 | loss
[G 328390] WR:  60.8% | Ent: 0.501 | τ: 0.95 | Elo: 1789 | GPM: 78 | loss
[G 328400] WR:  60.8% | Ent: 0.501 | τ: 0.95 | Elo: 1799 | GPM: 78 | loss
[G 328400] WR:  60.6% | Ent: 0.501 | τ: 0.95 | Elo: 1793 | GPM: 78 | loss
[G 328400] WR:  60.8% | Ent: 0.501 | τ: 0.95 | Elo: 1799 | GPM: 78 | WIN
[G 328400] WR:  60.8% | Ent: 0.501 | τ: 0.95 | Elo: 1804 | GPM: 78 | WIN
[G 328410] WR:  61.4% | Ent: 0.501 | τ: 0.95 | Elo: 1818 | GPM: 78 | WIN
[G 328410] WR:  61.2% | Ent: 0.501 | τ: 0.95 | Elo: 1812 | GPM: 78 | loss
[G 328410] WR:  61.0% | Ent: 0.501 | τ: 0.95 | Elo: 1802 | GPM: 78 | loss
[G 328420] WR:  61.6% | Ent: 0.501 | τ: 0.95 | Elo: 1810 | GPM: 78 | WIN
[G 328420] WR:  61.4% | Ent: 0.501 | τ: 0.95 | Elo: 1804 | GPM: 78 | loss
[G 328420] WR:  61.6% | Ent: 0.501 | τ: 0.95 | Elo: 1810 | GPM: 78 | WIN
[G 328420] WR:  61.4% | Ent: 0.501 | τ: 0.95 | Elo: 1804 | GPM: 78 | loss
[Auto-save] Checkpoint saved (game 328420)
[G 328450] WR:  62.0% | Ent: 0.502 | τ: 0.95 | Elo: 1824 | GPM: 78 | loss
[G 328470] WR:  62.0% | Ent: 0.502 | τ: 0.95 | Elo: 1826 | GPM: 78 | WIN
[G 328470] WR:  62.0% | Ent: 0.502 | τ: 0.95 | Elo: 1819 | GPM: 78 | loss
[G 328470] WR:  62.0% | Ent: 0.502 | τ: 0.95 | Elo: 1813 | GPM: 78 | loss
[G 328470] WR:  61.8% | Ent: 0.502 | τ: 0.95 | Elo: 1807 | GPM: 78 | loss
[G 328480] WR:  61.6% | Ent: 0.502 | τ: 0.95 | Elo: 1802 | GPM: 78 | loss
[G 328480] WR:  61.6% | Ent: 0.502 | τ: 0.95 | Elo: 1807 | GPM: 78 | WIN
[G 328490] WR:  61.8% | Ent: 0.502 | τ: 0.95 | Elo: 1800 | GPM: 78 | WIN
[G 328490] WR:  61.8% | Ent: 0.502 | τ: 0.95 | Elo: 1795 | GPM: 78 | loss
[G 328490] WR:  61.8% | Ent: 0.502 | τ: 0.95 | Elo: 1799 | GPM: 78 | WIN
[G 328490] WR:  61.8% | Ent: 0.502 | τ: 0.95 | Elo: 1793 | GPM: 78 | loss
[G 328490] WR:  61.6% | Ent: 0.502 | τ: 0.95 | Elo: 1788 | GPM: 78 | loss
[G 328490] WR:  61.8% | Ent: 0.502 | τ: 0.95 | Elo: 1792 | GPM: 78 | WIN

[Train] Graceful shutdown requested. Will finish current step and save...
[Train] Final save...
[Trainer] Flushing PPO buffer (1 games, 82 steps)

============================================================
  Training Complete (PROD)
  Games This Session: 5313
  Total Games: 328499
  Total Updates: 338079
  Main Elo: 1500
  Best Eval Win Rate: 77.4%
  Duration: 1.15 hours
  Throughput: 77 games/min
  DB Games Recorded: 435447
  Checkpoint: /Users/sumit/Github/AlphaLudo/td_ludo/checkpoints/ac_v6_big/model_latest.pt
============================================================

Elo Rankings:
  Defensive: 1811
  Model: 1808
  SelfPlay: 1799
  Aggressive: 1773
  Racing: 1759
  Heuristic: 1693
  Expert: 1504
  Main: 1500
  ghost_002001: 1500
  ghost_004001: 1500
